[2024-07-09 14:03:56,005] TRACE [Controller 0]: checking need to trigger partition rebalance (kafka.controller.KafkaController)
[2024-07-09 14:03:56,005] DEBUG [Controller 0]: preferred replicas by broker Map(0 -> Map([test-topic,0] -> List(0), [topico-rafael,0] -> List(0), [topico-rafael-3,0] -> List(0))) (kafka.controller.KafkaController)
[2024-07-09 14:03:56,005] DEBUG [Controller 0]: topics not in preferred replica Map() (kafka.controller.KafkaController)
[2024-07-09 14:03:56,005] TRACE [Controller 0]: leader imbalance ratio for broker 0 is 0.000000 (kafka.controller.KafkaController)
[2024-07-09 14:08:55,995] TRACE [Controller 0]: checking need to trigger partition rebalance (kafka.controller.KafkaController)
[2024-07-09 14:08:55,995] DEBUG [Controller 0]: preferred replicas by broker Map(0 -> Map([test-topic,0] -> List(0), [topico-rafael,0] -> List(0), [topico-rafael-3,0] -> List(0))) (kafka.controller.KafkaController)
[2024-07-09 14:08:55,995] DEBUG [Controller 0]: topics not in preferred replica Map() (kafka.controller.KafkaController)
[2024-07-09 14:08:55,995] TRACE [Controller 0]: leader imbalance ratio for broker 0 is 0.000000 (kafka.controller.KafkaController)
[2024-07-09 14:13:55,986] TRACE [Controller 0]: checking need to trigger partition rebalance (kafka.controller.KafkaController)
[2024-07-09 14:13:55,986] DEBUG [Controller 0]: preferred replicas by broker Map(0 -> Map([test-topic,0] -> List(0), [topico-rafael,0] -> List(0), [topico-rafael-3,0] -> List(0))) (kafka.controller.KafkaController)
[2024-07-09 14:13:55,986] DEBUG [Controller 0]: topics not in preferred replica Map() (kafka.controller.KafkaController)
[2024-07-09 14:13:55,986] TRACE [Controller 0]: leader imbalance ratio for broker 0 is 0.000000 (kafka.controller.KafkaController)
[2024-07-09 14:18:55,977] TRACE [Controller 0]: checking need to trigger partition rebalance (kafka.controller.KafkaController)
[2024-07-09 14:18:55,978] DEBUG [Controller 0]: preferred replicas by broker Map(0 -> Map([test-topic,0] -> List(0), [topico-rafael,0] -> List(0), [topico-rafael-3,0] -> List(0))) (kafka.controller.KafkaController)
[2024-07-09 14:18:55,978] DEBUG [Controller 0]: topics not in preferred replica Map() (kafka.controller.KafkaController)
[2024-07-09 14:18:55,978] TRACE [Controller 0]: leader imbalance ratio for broker 0 is 0.000000 (kafka.controller.KafkaController)
[2024-07-09 14:23:55,971] TRACE [Controller 0]: checking need to trigger partition rebalance (kafka.controller.KafkaController)
[2024-07-09 14:23:55,971] DEBUG [Controller 0]: preferred replicas by broker Map(0 -> Map([test-topic,0] -> List(0), [topico-rafael,0] -> List(0), [topico-rafael-3,0] -> List(0))) (kafka.controller.KafkaController)
[2024-07-09 14:23:55,971] DEBUG [Controller 0]: topics not in preferred replica Map() (kafka.controller.KafkaController)
[2024-07-09 14:23:55,971] TRACE [Controller 0]: leader imbalance ratio for broker 0 is 0.000000 (kafka.controller.KafkaController)
[2024-07-09 14:28:55,962] TRACE [Controller 0]: checking need to trigger partition rebalance (kafka.controller.KafkaController)
[2024-07-09 14:28:55,962] DEBUG [Controller 0]: preferred replicas by broker Map(0 -> Map([test-topic,0] -> List(0), [topico-rafael,0] -> List(0), [topico-rafael-3,0] -> List(0))) (kafka.controller.KafkaController)
[2024-07-09 14:28:55,963] DEBUG [Controller 0]: topics not in preferred replica Map() (kafka.controller.KafkaController)
[2024-07-09 14:28:55,963] TRACE [Controller 0]: leader imbalance ratio for broker 0 is 0.000000 (kafka.controller.KafkaController)
[2024-07-09 14:33:55,954] TRACE [Controller 0]: checking need to trigger partition rebalance (kafka.controller.KafkaController)
[2024-07-09 14:33:55,955] DEBUG [Controller 0]: preferred replicas by broker Map(0 -> Map([test-topic,0] -> List(0), [topico-rafael,0] -> List(0), [topico-rafael-3,0] -> List(0))) (kafka.controller.KafkaController)
[2024-07-09 14:33:55,955] DEBUG [Controller 0]: topics not in preferred replica Map() (kafka.controller.KafkaController)
[2024-07-09 14:33:55,955] TRACE [Controller 0]: leader imbalance ratio for broker 0 is 0.000000 (kafka.controller.KafkaController)
[2024-07-09 14:38:55,946] TRACE [Controller 0]: checking need to trigger partition rebalance (kafka.controller.KafkaController)
[2024-07-09 14:38:55,946] DEBUG [Controller 0]: preferred replicas by broker Map(0 -> Map([test-topic,0] -> List(0), [topico-rafael,0] -> List(0), [topico-rafael-3,0] -> List(0))) (kafka.controller.KafkaController)
[2024-07-09 14:38:55,946] DEBUG [Controller 0]: topics not in preferred replica Map() (kafka.controller.KafkaController)
[2024-07-09 14:38:55,947] TRACE [Controller 0]: leader imbalance ratio for broker 0 is 0.000000 (kafka.controller.KafkaController)
[2024-07-09 14:43:55,939] TRACE [Controller 0]: checking need to trigger partition rebalance (kafka.controller.KafkaController)
[2024-07-09 14:43:55,939] DEBUG [Controller 0]: preferred replicas by broker Map(0 -> Map([test-topic,0] -> List(0), [topico-rafael,0] -> List(0), [topico-rafael-3,0] -> List(0))) (kafka.controller.KafkaController)
[2024-07-09 14:43:55,939] DEBUG [Controller 0]: topics not in preferred replica Map() (kafka.controller.KafkaController)
[2024-07-09 14:43:55,940] TRACE [Controller 0]: leader imbalance ratio for broker 0 is 0.000000 (kafka.controller.KafkaController)
[2024-07-09 14:48:55,932] TRACE [Controller 0]: checking need to trigger partition rebalance (kafka.controller.KafkaController)
[2024-07-09 14:48:55,932] DEBUG [Controller 0]: preferred replicas by broker Map(0 -> Map([test-topic,0] -> List(0), [topico-rafael,0] -> List(0), [topico-rafael-3,0] -> List(0))) (kafka.controller.KafkaController)
[2024-07-09 14:48:55,932] DEBUG [Controller 0]: topics not in preferred replica Map() (kafka.controller.KafkaController)
[2024-07-09 14:48:55,932] TRACE [Controller 0]: leader imbalance ratio for broker 0 is 0.000000 (kafka.controller.KafkaController)
[2024-07-09 14:53:55,926] TRACE [Controller 0]: checking need to trigger partition rebalance (kafka.controller.KafkaController)
[2024-07-09 14:53:55,926] DEBUG [Controller 0]: preferred replicas by broker Map(0 -> Map([test-topic,0] -> List(0), [topico-rafael,0] -> List(0), [topico-rafael-3,0] -> List(0))) (kafka.controller.KafkaController)
[2024-07-09 14:53:55,926] DEBUG [Controller 0]: topics not in preferred replica Map() (kafka.controller.KafkaController)
[2024-07-09 14:53:55,926] TRACE [Controller 0]: leader imbalance ratio for broker 0 is 0.000000 (kafka.controller.KafkaController)
[2024-07-09 14:56:54,097] INFO [Controller 0]: Shutting down broker 0 (kafka.controller.KafkaController)
[2024-07-09 14:56:54,097] DEBUG [Controller 0]: All shutting down brokers: 0 (kafka.controller.KafkaController)
[2024-07-09 14:56:54,098] DEBUG [Controller 0]: Live brokers:  (kafka.controller.KafkaController)
[2024-07-09 14:56:54,099] TRACE [Controller 0]: All leaders = [test-topic,0] -> (Leader:0,ISR:0,LeaderEpoch:1,ControllerEpoch:2),[topico-rafael,0] -> (Leader:0,ISR:0,LeaderEpoch:1,ControllerEpoch:2),[topico-rafael-3,0] -> (Leader:0,ISR:0,LeaderEpoch:0,ControllerEpoch:2) (kafka.controller.KafkaController)
[2024-07-09 14:56:54,443] INFO [Partition state machine on Controller 0]: Stopped partition state machine (kafka.controller.PartitionStateMachine)
[2024-07-09 14:56:54,443] INFO [Replica state machine on controller 0]: Stopped replica state machine (kafka.controller.ReplicaStateMachine)
[2024-07-09 14:56:54,443] INFO [Controller-0-to-broker-0-send-thread], Shutting down (kafka.controller.RequestSendThread)
[2024-07-09 14:56:54,444] INFO [Controller-0-to-broker-0-send-thread], Stopped  (kafka.controller.RequestSendThread)
[2024-07-09 14:56:54,444] INFO [Controller-0-to-broker-0-send-thread], Shutdown completed (kafka.controller.RequestSendThread)
